<?xml version="1.0" encoding="utf-8"?><testsuites name="pytest tests"><testsuite name="pytest" errors="0" failures="0" skipped="0" tests="6" time="1.668" timestamp="2026-07-03T09:28:17.619946+00:00" hostname="agent-env-c1255afc-e665-4bb4-9325-ef1216aaf079"><testcase classname="tests.backend_test.TestRoot" name="test_root_returns_expected_message" time="0.197" /><testcase classname="tests.backend_test.TestContact" name="test_valid_contact_sends_and_persists" time="0.442" /><testcase classname="tests.backend_test.TestStatus" name="test_create_and_list_status" time="0.453" /><testcase classname="tests.backend_test.TestContact" name="test_honeypot_returns_ok_and_does_not_persist" time="0.108" /><testcase classname="tests.backend_test.TestContact" name="test_invalid_email_returns_422" time="0.100" /><testcase classname="tests.backend_test.TestContact" name="test_missing_required_fields_returns_422" time="0.102" /></testsuite></testsuites>