<?xml version="1.0" encoding="utf-8"?><testsuites name="pytest tests"><testsuite name="pytest" errors="0" failures="0" skipped="0" tests="6" time="1.669" timestamp="2026-07-03T09:20:43.084100+00:00" hostname="agent-env-c1255afc-e665-4bb4-9325-ef1216aaf079"><testcase classname="tests.backend_test.TestRoot" name="test_root_returns_expected_message" time="0.163" /><testcase classname="tests.backend_test.TestContact" name="test_valid_contact_sends_and_persists" time="0.372" /><testcase classname="tests.backend_test.TestStatus" name="test_create_and_list_status" time="0.451" /><testcase classname="tests.backend_test.TestContact" name="test_honeypot_returns_ok_and_does_not_persist" time="0.126" /><testcase classname="tests.backend_test.TestContact" name="test_invalid_email_returns_422" time="0.127" /><testcase classname="tests.backend_test.TestContact" name="test_missing_required_fields_returns_422" time="0.134" /></testsuite></testsuites>